[2025-03-21 04:49:03] Iniciando upload simplificado
[2025-03-21 04:49:03] Arquivo enviado: icon Concamp.png, Tipo: image/png, Tamanho: 182170 bytes
[2025-03-21 04:49:03] Tentando mover arquivo para: ../assets/img/icons/upload_1742528943.png
[2025-03-21 04:49:03] Arquivo movido com sucesso
[2025-03-21 04:49:10] Iniciando upload simplificado
[2025-03-21 04:49:10] Arquivo enviado: icon Concamp.png, Tipo: image/png, Tamanho: 182170 bytes
[2025-03-21 04:49:10] Tentando mover arquivo para: ../assets/img/icons/upload_1742528950.png
[2025-03-21 04:49:10] Arquivo movido com sucesso
[2025-03-21 22:59:55] Iniciando upload simplificado
[2025-03-21 22:59:55] Arquivo enviado: logo concamp.svg, Tipo: image/svg+xml, Tamanho: 52843 bytes
[2025-03-21 22:59:55] Tentando mover arquivo para: ../assets/img/icons/upload_1742594395.svg
[2025-03-21 22:59:55] Arquivo movido com sucesso
[2025-03-21 23:00:02] Iniciando upload simplificado
[2025-03-21 23:00:02] Arquivo enviado: icone concamp.svg, Tipo: image/svg+xml, Tamanho: 5773 bytes
[2025-03-21 23:00:02] Tentando mover arquivo para: ../assets/img/icons/upload_1742594402.svg
[2025-03-21 23:00:02] Arquivo movido com sucesso
[2025-03-21 23:00:07] Iniciando upload simplificado
[2025-03-21 23:00:07] Arquivo enviado: icone concamp.svg, Tipo: image/svg+xml, Tamanho: 5773 bytes
[2025-03-21 23:00:07] Tentando mover arquivo para: ../assets/img/icons/upload_1742594407.svg
[2025-03-21 23:00:07] Arquivo movido com sucesso
